# JRE version: Java(TM) SE Runtime Environment (8.0_271-b09) (build 1.8.0_271-b09)
# Java VM: Java HotSpot(TM) 64-Bit Server VM (25.271-b09 mixed mode windows-amd64 compressed oops)
Heap:
 PSYoungGen      total 150528K, used 17371K [0x00000000f5580000, 0x0000000100000000, 0x0000000100000000)
  eden space 126464K, 13% used [0x00000000f5580000,0x00000000f6676dd0,0x00000000fd100000)
  from space 24064K, 0% used [0x00000000fd100000,0x00000000fd100000,0x00000000fe880000)
  to   space 24064K, 0% used [0x00000000fe880000,0x00000000fe880000,0x0000000100000000)
 ParOldGen       total 70656K, used 60547K [0x00000000e0000000, 0x00000000e4500000, 0x00000000f5580000)
  object space 70656K, 85% used [0x00000000e0000000,0x00000000e3b20cf0,0x00000000e4500000)
 Metaspace       used 34087K, capacity 35686K, committed 35752K, reserved 1081344K
  class space    used 4274K, capacity 4611K, committed 4656K, reserved 1048576K
GC Heap History (10 events):
Event: 4.271 GC heap before
{Heap before GC invocations=7 (full 1):
 PSYoungGen      total 147456K, used 5439K [0x00000000f5580000, 0x00000000ff580000, 0x0000000100000000)
  eden space 132608K, 0% used [0x00000000f5580000,0x00000000f5580000,0x00000000fd700000)
  from space 14848K, 36% used [0x00000000fe600000,0x00000000feb4feb0,0x00000000ff480000)
  to   space 15360K, 0% used [0x00000000fd700000,0x00000000fd700000,0x00000000fe600000)
 ParOldGen       total 87552K, used 28035K [0x00000000e0000000, 0x00000000e5580000, 0x00000000f5580000)
  object space 87552K, 32% used [0x00000000e0000000,0x00000000e1b60c98,0x00000000e5580000)
 Metaspace       used 20452K, capacity 21272K, committed 21296K, reserved 1069056K
  class space    used 2401K, capacity 2602K, committed 2608K, reserved 1048576K
Event: 4.359 GC heap after
Heap after GC invocations=7 (full 1):
 PSYoungGen      total 147456K, used 0K [0x00000000f5580000, 0x00000000ff580000, 0x0000000100000000)
  eden space 132608K, 0% used [0x00000000f5580000,0x00000000f5580000,0x00000000fd700000)
  from space 14848K, 0% used [0x00000000fe600000,0x00000000fe600000,0x00000000ff480000)
  to   space 15360K, 0% used [0x00000000fd700000,0x00000000fd700000,0x00000000fe600000)
 ParOldGen       total 70656K, used 18056K [0x00000000e0000000, 0x00000000e4500000, 0x00000000f5580000)
  object space 70656K, 25% used [0x00000000e0000000,0x00000000e11a20b8,0x00000000e4500000)
 Metaspace       used 20452K, capacity 21272K, committed 21296K, reserved 1069056K
  class space    used 2401K, capacity 2602K, committed 2608K, reserved 1048576K
}
Event: 6.511 GC heap before
{Heap before GC invocations=8 (full 1):
 PSYoungGen      total 147456K, used 132608K [0x00000000f5580000, 0x00000000ff580000, 0x0000000100000000)
  eden space 132608K, 100% used [0x00000000f5580000,0x00000000fd700000,0x00000000fd700000)
  from space 14848K, 0% used [0x00000000fe600000,0x00000000fe600000,0x00000000ff480000)
  to   space 15360K, 0% used [0x00000000fd700000,0x00000000fd700000,0x00000000fe600000)
 ParOldGen       total 70656K, used 18056K [0x00000000e0000000, 0x00000000e4500000, 0x00000000f5580000)
  object space 70656K, 25% used [0x00000000e0000000,0x00000000e11a20b8,0x00000000e4500000)
 Metaspace       used 25936K, capacity 26986K, committed 27184K, reserved 1073152K
  class space    used 3088K, capacity 3325K, committed 3376K, reserved 1048576K
Event: 6.533 GC heap after
Heap after GC invocations=8 (full 1):
 PSYoungGen      total 147968K, used 15335K [0x00000000f5580000, 0x0000000100000000, 0x0000000100000000)
  eden space 132608K, 0% used [0x00000000f5580000,0x00000000f5580000,0x00000000fd700000)
  from space 15360K, 99% used [0x00000000fd700000,0x00000000fe5f9d48,0x00000000fe600000)
  to   space 18432K, 0% used [0x00000000fee00000,0x00000000fee00000,0x0000000100000000)
 ParOldGen       total 70656K, used 19979K [0x00000000e0000000, 0x00000000e4500000, 0x00000000f5580000)
  object space 70656K, 28% used [0x00000000e0000000,0x00000000e1382ef8,0x00000000e4500000)
 Metaspace       used 25936K, capacity 26986K, committed 27184K, reserved 1073152K
  class space    used 3088K, capacity 3325K, committed 3376K, reserved 1048576K
}
Event: 9.744 GC heap before
{Heap before GC invocations=9 (full 1):
 PSYoungGen      total 147968K, used 147943K [0x00000000f5580000, 0x0000000100000000, 0x0000000100000000)
  eden space 132608K, 100% used [0x00000000f5580000,0x00000000fd700000,0x00000000fd700000)
  from space 15360K, 99% used [0x00000000fd700000,0x00000000fe5f9d48,0x00000000fe600000)
  to   space 18432K, 0% used [0x00000000fee00000,0x00000000fee00000,0x0000000100000000)
 ParOldGen       total 70656K, used 19979K [0x00000000e0000000, 0x00000000e4500000, 0x00000000f5580000)
  object space 70656K, 28% used [0x00000000e0000000,0x00000000e1382ef8,0x00000000e4500000)
 Metaspace       used 31764K, capacity 33320K, committed 33456K, reserved 1079296K
  class space    used 3909K, capacity 4272K, committed 4272K, reserved 1048576K
Event: 9.774 GC heap after
Heap after GC invocations=9 (full 1):
 PSYoungGen      total 144896K, used 18400K [0x00000000f5580000, 0x0000000100000000, 0x0000000100000000)
  eden space 126464K, 0% used [0x00000000f5580000,0x00000000f5580000,0x00000000fd100000)
  from space 18432K, 99% used [0x00000000fee00000,0x00000000ffff80a0,0x0000000100000000)
  to   space 24064K, 0% used [0x00000000fd100000,0x00000000fd100000,0x00000000fe880000)
 ParOldGen       total 70656K, used 27434K [0x00000000e0000000, 0x00000000e4500000, 0x00000000f5580000)
  object space 70656K, 38% used [0x00000000e0000000,0x00000000e1aca888,0x00000000e4500000)
 Metaspace       used 31764K, capacity 33320K, committed 33456K, reserved 1079296K
  class space    used 3909K, capacity 4272K, committed 4272K, reserved 1048576K
}
Event: 12.745 GC heap before
{Heap before GC invocations=10 (full 1):
 PSYoungGen      total 144896K, used 95670K [0x00000000f5580000, 0x0000000100000000, 0x0000000100000000)
  eden space 126464K, 61% used [0x00000000f5580000,0x00000000fa0f57d0,0x00000000fd100000)
  from space 18432K, 99% used [0x00000000fee00000,0x00000000ffff80a0,0x0000000100000000)
  to   space 24064K, 0% used [0x00000000fd100000,0x00000000fd100000,0x00000000fe880000)
 ParOldGen       total 70656K, used 27434K [0x00000000e0000000, 0x00000000e4500000, 0x00000000f5580000)
  object space 70656K, 38% used [0x00000000e0000000,0x00000000e1aca888,0x00000000e4500000)
 Metaspace       used 33773K, capacity 35348K, committed 35496K, reserved 1081344K
  class space    used 4225K, capacity 4566K, committed 4656K, reserved 1048576K
Event: 12.820 GC heap after
Heap after GC invocations=10 (full 1):
 PSYoungGen      total 150528K, used 24052K [0x00000000f5580000, 0x0000000100000000, 0x0000000100000000)
  eden space 126464K, 0% used [0x00000000f5580000,0x00000000f5580000,0x00000000fd100000)
  from space 24064K, 99% used [0x00000000fd100000,0x00000000fe87d070,0x00000000fe880000)
  to   space 24064K, 0% used [0x00000000fe880000,0x00000000fe880000,0x0000000100000000)
 ParOldGen       total 70656K, used 51573K [0x00000000e0000000, 0x00000000e4500000, 0x00000000f5580000)
  object space 70656K, 72% used [0x00000000e0000000,0x00000000e325d4d0,0x00000000e4500000)
 Metaspace       used 33773K, capacity 35348K, committed 35496K, reserved 1081344K
  class space    used 4225K, capacity 4566K, committed 4656K, reserved 1048576K
}
Event: 12.820 GC heap before
{Heap before GC invocations=11 (full 2):
 PSYoungGen      total 150528K, used 24052K [0x00000000f5580000, 0x0000000100000000, 0x0000000100000000)
  eden space 126464K, 0% used [0x00000000f5580000,0x00000000f5580000,0x00000000fd100000)
  from space 24064K, 99% used [0x00000000fd100000,0x00000000fe87d070,0x00000000fe880000)
  to   space 24064K, 0% used [0x00000000fe880000,0x00000000fe880000,0x0000000100000000)
 ParOldGen       total 70656K, used 51573K [0x00000000e0000000, 0x00000000e4500000, 0x00000000f5580000)
  object space 70656K, 72% used [0x00000000e0000000,0x00000000e325d4d0,0x00000000e4500000)
 Metaspace       used 33773K, capacity 35348K, committed 35496K, reserved 1081344K
  class space    used 4225K, capacity 4566K, committed 4656K, reserved 1048576K
Event: 13.013 GC heap after
Heap after GC invocations=11 (full 2):
 PSYoungGen      total 150528K, used 0K [0x00000000f5580000, 0x0000000100000000, 0x0000000100000000)
  eden space 126464K, 0% used [0x00000000f5580000,0x00000000f5580000,0x00000000fd100000)
  from space 24064K, 0% used [0x00000000fd100000,0x00000000fd100000,0x00000000fe880000)
  to   space 24064K, 0% used [0x00000000fe880000,0x00000000fe880000,0x0000000100000000)
 ParOldGen       total 70656K, used 60547K [0x00000000e0000000, 0x00000000e4500000, 0x00000000f5580000)
  object space 70656K, 85% used [0x00000000e0000000,0x00000000e3b20cf0,0x00000000e4500000)
 Metaspace       used 33773K, capacity 35348K, committed 35496K, reserved 1081344K
  class space    used 4225K, capacity 4566K, committed 4656K, reserved 1048576K
}

