# JRE version: Java(TM) SE Runtime Environment (8.0_271-b09) (build 1.8.0_271-b09)
# Java VM: Java HotSpot(TM) 64-Bit Server VM (25.271-b09 mixed mode windows-amd64 compressed oops)
Heap:
 PSYoungGen      total 141824K, used 108591K [0x00000000f5580000, 0x0000000100000000, 0x0000000100000000)
  eden space 118272K, 71% used [0x00000000f5580000,0x00000000fa890320,0x00000000fc900000)
  from space 23552K, 99% used [0x00000000fe900000,0x00000000ffffbab8,0x0000000100000000)
  to   space 28160K, 0% used [0x00000000fc900000,0x00000000fc900000,0x00000000fe480000)
 ParOldGen       total 72192K, used 19805K [0x00000000e0000000, 0x00000000e4680000, 0x00000000f5580000)
  object space 72192K, 27% used [0x00000000e0000000,0x00000000e1357410,0x00000000e4680000)
 Metaspace       used 33794K, capacity 35399K, committed 35496K, reserved 1081344K
  class space    used 4227K, capacity 4576K, committed 4656K, reserved 1048576K
GC Heap History (10 events):
Event: 3.914 GC heap before
{Heap before GC invocations=5 (full 0):
 PSYoungGen      total 71680K, used 71664K [0x00000000f5580000, 0x00000000fa080000, 0x0000000100000000)
  eden space 66560K, 100% used [0x00000000f5580000,0x00000000f9680000,0x00000000f9680000)
  from space 5120K, 99% used [0x00000000f9b80000,0x00000000fa07c030,0x00000000fa080000)
  to   space 5120K, 0% used [0x00000000f9680000,0x00000000f9680000,0x00000000f9b80000)
 ParOldGen       total 87552K, used 27547K [0x00000000e0000000, 0x00000000e5580000, 0x00000000f5580000)
  object space 87552K, 31% used [0x00000000e0000000,0x00000000e1ae6e68,0x00000000e5580000)
 Metaspace       used 20305K, capacity 21132K, committed 21296K, reserved 1069056K
  class space    used 2371K, capacity 2574K, committed 2608K, reserved 1048576K
Event: 3.951 GC heap after
Heap after GC invocations=5 (full 0):
 PSYoungGen      total 71680K, used 5088K [0x00000000f5580000, 0x0000000100000000, 0x0000000100000000)
  eden space 66560K, 0% used [0x00000000f5580000,0x00000000f5580000,0x00000000f9680000)
  from space 5120K, 99% used [0x00000000f9680000,0x00000000f9b78020,0x00000000f9b80000)
  to   space 22016K, 0% used [0x00000000fea80000,0x00000000fea80000,0x0000000100000000)
 ParOldGen       total 87552K, used 43217K [0x00000000e0000000, 0x00000000e5580000, 0x00000000f5580000)
  object space 87552K, 49% used [0x00000000e0000000,0x00000000e2a34470,0x00000000e5580000)
 Metaspace       used 20305K, capacity 21132K, committed 21296K, reserved 1069056K
  class space    used 2371K, capacity 2574K, committed 2608K, reserved 1048576K
}
Event: 3.981 GC heap before
{Heap before GC invocations=6 (full 0):
 PSYoungGen      total 71680K, used 6298K [0x00000000f5580000, 0x0000000100000000, 0x0000000100000000)
  eden space 66560K, 1% used [0x00000000f5580000,0x00000000f56aeb50,0x00000000f9680000)
  from space 5120K, 99% used [0x00000000f9680000,0x00000000f9b78020,0x00000000f9b80000)
  to   space 22016K, 0% used [0x00000000fea80000,0x00000000fea80000,0x0000000100000000)
 ParOldGen       total 87552K, used 43217K [0x00000000e0000000, 0x00000000e5580000, 0x00000000f5580000)
  object space 87552K, 49% used [0x00000000e0000000,0x00000000e2a34470,0x00000000e5580000)
 Metaspace       used 20393K, capacity 21277K, committed 21296K, reserved 1069056K
  class space    used 2387K, capacity 2589K, committed 2608K, reserved 1048576K
Event: 3.996 GC heap after
Heap after GC invocations=6 (full 0):
 PSYoungGen      total 151552K, used 5232K [0x00000000f5580000, 0x0000000100000000, 0x0000000100000000)
  eden space 129536K, 0% used [0x00000000f5580000,0x00000000f5580000,0x00000000fd400000)
  from space 22016K, 23% used [0x00000000fea80000,0x00000000fef9c010,0x0000000100000000)
  to   space 22528K, 0% used [0x00000000fd400000,0x00000000fd400000,0x00000000fea00000)
 ParOldGen       total 87552K, used 43217K [0x00000000e0000000, 0x00000000e5580000, 0x00000000f5580000)
  object space 87552K, 49% used [0x00000000e0000000,0x00000000e2a34470,0x00000000e5580000)
 Metaspace       used 20393K, capacity 21277K, committed 21296K, reserved 1069056K
  class space    used 2387K, capacity 2589K, committed 2608K, reserved 1048576K
}
Event: 3.996 GC heap before
{Heap before GC invocations=7 (full 1):
 PSYoungGen      total 151552K, used 5232K [0x00000000f5580000, 0x0000000100000000, 0x0000000100000000)
  eden space 129536K, 0% used [0x00000000f5580000,0x00000000f5580000,0x00000000fd400000)
  from space 22016K, 23% used [0x00000000fea80000,0x00000000fef9c010,0x0000000100000000)
  to   space 22528K, 0% used [0x00000000fd400000,0x00000000fd400000,0x00000000fea00000)
 ParOldGen       total 87552K, used 43217K [0x00000000e0000000, 0x00000000e5580000, 0x00000000f5580000)
  object space 87552K, 49% used [0x00000000e0000000,0x00000000e2a34470,0x00000000e5580000)
 Metaspace       used 20393K, capacity 21277K, committed 21296K, reserved 1069056K
  class space    used 2387K, capacity 2589K, committed 2608K, reserved 1048576K
Event: 4.072 GC heap after
Heap after GC invocations=7 (full 1):
 PSYoungGen      total 151552K, used 0K [0x00000000f5580000, 0x0000000100000000, 0x0000000100000000)
  eden space 129536K, 0% used [0x00000000f5580000,0x00000000f5580000,0x00000000fd400000)
  from space 22016K, 0% used [0x00000000fea80000,0x00000000fea80000,0x0000000100000000)
  to   space 22528K, 0% used [0x00000000fd400000,0x00000000fd400000,0x00000000fea00000)
 ParOldGen       total 72192K, used 17663K [0x00000000e0000000, 0x00000000e4680000, 0x00000000f5580000)
  object space 72192K, 24% used [0x00000000e0000000,0x00000000e113fe10,0x00000000e4680000)
 Metaspace       used 20393K, capacity 21277K, committed 21296K, reserved 1069056K
  class space    used 2387K, capacity 2589K, committed 2608K, reserved 1048576K
}
Event: 5.895 GC heap before
{Heap before GC invocations=8 (full 1):
 PSYoungGen      total 151552K, used 129536K [0x00000000f5580000, 0x0000000100000000, 0x0000000100000000)
  eden space 129536K, 100% used [0x00000000f5580000,0x00000000fd400000,0x00000000fd400000)
  from space 22016K, 0% used [0x00000000fea80000,0x00000000fea80000,0x0000000100000000)
  to   space 22528K, 0% used [0x00000000fd400000,0x00000000fd400000,0x00000000fea00000)
 ParOldGen       total 72192K, used 17663K [0x00000000e0000000, 0x00000000e4680000, 0x00000000f5580000)
  object space 72192K, 24% used [0x00000000e0000000,0x00000000e113fe10,0x00000000e4680000)
 Metaspace       used 25908K, capacity 26981K, committed 27184K, reserved 1073152K
  class space    used 3082K, capacity 3325K, committed 3376K, reserved 1048576K
Event: 5.931 GC heap after
Heap after GC invocations=8 (full 1):
 PSYoungGen      total 146944K, used 17242K [0x00000000f5580000, 0x0000000100000000, 0x0000000100000000)
  eden space 129536K, 0% used [0x00000000f5580000,0x00000000f5580000,0x00000000fd400000)
  from space 17408K, 99% used [0x00000000fd400000,0x00000000fe4d6ab8,0x00000000fe500000)
  to   space 23552K, 0% used [0x00000000fe900000,0x00000000fe900000,0x0000000100000000)
 ParOldGen       total 72192K, used 17671K [0x00000000e0000000, 0x00000000e4680000, 0x00000000f5580000)
  object space 72192K, 24% used [0x00000000e0000000,0x00000000e1141e10,0x00000000e4680000)
 Metaspace       used 25908K, capacity 26981K, committed 27184K, reserved 1073152K
  class space    used 3082K, capacity 3325K, committed 3376K, reserved 1048576K
}
Event: 8.514 GC heap before
{Heap before GC invocations=9 (full 1):
 PSYoungGen      total 146944K, used 146778K [0x00000000f5580000, 0x0000000100000000, 0x0000000100000000)
  eden space 129536K, 100% used [0x00000000f5580000,0x00000000fd400000,0x00000000fd400000)
  from space 17408K, 99% used [0x00000000fd400000,0x00000000fe4d6ab8,0x00000000fe500000)
  to   space 23552K, 0% used [0x00000000fe900000,0x00000000fe900000,0x0000000100000000)
 ParOldGen       total 72192K, used 17671K [0x00000000e0000000, 0x00000000e4680000, 0x00000000f5580000)
  object space 72192K, 24% used [0x00000000e0000000,0x00000000e1141e10,0x00000000e4680000)
 Metaspace       used 31495K, capacity 33023K, committed 33200K, reserved 1079296K
  class space    used 3870K, capacity 4176K, committed 4272K, reserved 1048576K
Event: 8.537 GC heap after
Heap after GC invocations=9 (full 1):
 PSYoungGen      total 141824K, used 23534K [0x00000000f5580000, 0x0000000100000000, 0x0000000100000000)
  eden space 118272K, 0% used [0x00000000f5580000,0x00000000f5580000,0x00000000fc900000)
  from space 23552K, 99% used [0x00000000fe900000,0x00000000ffffbab8,0x0000000100000000)
  to   space 28160K, 0% used [0x00000000fc900000,0x00000000fc900000,0x00000000fe480000)
 ParOldGen       total 72192K, used 19805K [0x00000000e0000000, 0x00000000e4680000, 0x00000000f5580000)
  object space 72192K, 27% used [0x00000000e0000000,0x00000000e1357410,0x00000000e4680000)
 Metaspace       used 31495K, capacity 33023K, committed 33200K, reserved 1079296K
  class space    used 3870K, capacity 4176K, committed 4272K, reserved 1048576K
}

