# JRE version: Java(TM) SE Runtime Environment (8.0_271-b09) (build 1.8.0_271-b09)
# Java VM: Java HotSpot(TM) 64-Bit Server VM (25.271-b09 mixed mode windows-amd64 compressed oops)
Heap:
 PSYoungGen      total 161792K, used 137620K [0x00000000f5580000, 0x0000000100000000, 0x0000000100000000)
  eden space 148992K, 83% used [0x00000000f5580000,0x00000000fcf68ff0,0x00000000fe700000)
  from space 12800K, 99% used [0x00000000fe700000,0x00000000ff37c070,0x00000000ff380000)
  to   space 12800K, 0% used [0x00000000ff380000,0x00000000ff380000,0x0000000100000000)
 ParOldGen       total 175104K, used 37852K [0x00000000e0000000, 0x00000000eab00000, 0x00000000f5580000)
  object space 175104K, 21% used [0x00000000e0000000,0x00000000e24f7080,0x00000000eab00000)
 Metaspace       used 50633K, capacity 53156K, committed 53376K, reserved 1095680K
  class space    used 7206K, capacity 7800K, committed 7808K, reserved 1048576K
GC Heap History (10 events):
Event: 5.978 GC heap before
{Heap before GC invocations=7 (full 1):
 PSYoungGen      total 76288K, used 74218K [0x00000000f5580000, 0x00000000fe680000, 0x0000000100000000)
  eden space 65536K, 100% used [0x00000000f5580000,0x00000000f9580000,0x00000000f9580000)
  from space 10752K, 80% used [0x00000000f9580000,0x00000000f9dfa838,0x00000000fa000000)
  to   space 12288K, 0% used [0x00000000fda80000,0x00000000fda80000,0x00000000fe680000)
 ParOldGen       total 175104K, used 6740K [0x00000000e0000000, 0x00000000eab00000, 0x00000000f5580000)
  object space 175104K, 3% used [0x00000000e0000000,0x00000000e06952d8,0x00000000eab00000)
 Metaspace       used 32992K, capacity 33950K, committed 34048K, reserved 1079296K
  class space    used 4602K, capacity 4850K, committed 4864K, reserved 1048576K
Event: 5.989 GC heap after
Heap after GC invocations=7 (full 1):
 PSYoungGen      total 132096K, used 9470K [0x00000000f5580000, 0x00000000fe480000, 0x0000000100000000)
  eden space 121856K, 0% used [0x00000000f5580000,0x00000000f5580000,0x00000000fcc80000)
  from space 10240K, 92% used [0x00000000fda80000,0x00000000fe3bf910,0x00000000fe480000)
  to   space 12288K, 0% used [0x00000000fcc80000,0x00000000fcc80000,0x00000000fd880000)
 ParOldGen       total 175104K, used 6748K [0x00000000e0000000, 0x00000000eab00000, 0x00000000f5580000)
  object space 175104K, 3% used [0x00000000e0000000,0x00000000e06972d8,0x00000000eab00000)
 Metaspace       used 32992K, capacity 33950K, committed 34048K, reserved 1079296K
  class space    used 4602K, capacity 4850K, committed 4864K, reserved 1048576K
}
Event: 6.250 GC heap before
{Heap before GC invocations=8 (full 1):
 PSYoungGen      total 132096K, used 39747K [0x00000000f5580000, 0x00000000fe480000, 0x0000000100000000)
  eden space 121856K, 24% used [0x00000000f5580000,0x00000000f7311318,0x00000000fcc80000)
  from space 10240K, 92% used [0x00000000fda80000,0x00000000fe3bf910,0x00000000fe480000)
  to   space 12288K, 0% used [0x00000000fcc80000,0x00000000fcc80000,0x00000000fd880000)
 ParOldGen       total 175104K, used 6748K [0x00000000e0000000, 0x00000000eab00000, 0x00000000f5580000)
  object space 175104K, 3% used [0x00000000e0000000,0x00000000e06972d8,0x00000000eab00000)
 Metaspace       used 34445K, capacity 35462K, committed 35496K, reserved 1079296K
  class space    used 4829K, capacity 5088K, committed 5120K, reserved 1048576K
Event: 6.258 GC heap after
Heap after GC invocations=8 (full 1):
 PSYoungGen      total 134144K, used 8025K [0x00000000f5580000, 0x0000000100000000, 0x0000000100000000)
  eden space 121856K, 0% used [0x00000000f5580000,0x00000000f5580000,0x00000000fcc80000)
  from space 12288K, 65% used [0x00000000fcc80000,0x00000000fd456728,0x00000000fd880000)
  to   space 12288K, 0% used [0x00000000ff400000,0x00000000ff400000,0x0000000100000000)
 ParOldGen       total 175104K, used 6756K [0x00000000e0000000, 0x00000000eab00000, 0x00000000f5580000)
  object space 175104K, 3% used [0x00000000e0000000,0x00000000e06992d8,0x00000000eab00000)
 Metaspace       used 34445K, capacity 35462K, committed 35496K, reserved 1079296K
  class space    used 4829K, capacity 5088K, committed 5120K, reserved 1048576K
}
Event: 6.258 GC heap before
{Heap before GC invocations=9 (full 2):
 PSYoungGen      total 134144K, used 8025K [0x00000000f5580000, 0x0000000100000000, 0x0000000100000000)
  eden space 121856K, 0% used [0x00000000f5580000,0x00000000f5580000,0x00000000fcc80000)
  from space 12288K, 65% used [0x00000000fcc80000,0x00000000fd456728,0x00000000fd880000)
  to   space 12288K, 0% used [0x00000000ff400000,0x00000000ff400000,0x0000000100000000)
 ParOldGen       total 175104K, used 6756K [0x00000000e0000000, 0x00000000eab00000, 0x00000000f5580000)
  object space 175104K, 3% used [0x00000000e0000000,0x00000000e06992d8,0x00000000eab00000)
 Metaspace       used 34445K, capacity 35462K, committed 35496K, reserved 1079296K
  class space    used 4829K, capacity 5088K, committed 5120K, reserved 1048576K
Event: 6.348 GC heap after
Heap after GC invocations=9 (full 2):
 PSYoungGen      total 134144K, used 0K [0x00000000f5580000, 0x0000000100000000, 0x0000000100000000)
  eden space 121856K, 0% used [0x00000000f5580000,0x00000000f5580000,0x00000000fcc80000)
  from space 12288K, 0% used [0x00000000fcc80000,0x00000000fcc80000,0x00000000fd880000)
  to   space 12288K, 0% used [0x00000000ff400000,0x00000000ff400000,0x0000000100000000)
 ParOldGen       total 175104K, used 14368K [0x00000000e0000000, 0x00000000eab00000, 0x00000000f5580000)
  object space 175104K, 8% used [0x00000000e0000000,0x00000000e0e080a8,0x00000000eab00000)
 Metaspace       used 34445K, capacity 35462K, committed 35496K, reserved 1079296K
  class space    used 4829K, capacity 5088K, committed 5120K, reserved 1048576K
}
Event: 7.854 GC heap before
{Heap before GC invocations=10 (full 2):
 PSYoungGen      total 134144K, used 121856K [0x00000000f5580000, 0x0000000100000000, 0x0000000100000000)
  eden space 121856K, 100% used [0x00000000f5580000,0x00000000fcc80000,0x00000000fcc80000)
  from space 12288K, 0% used [0x00000000fcc80000,0x00000000fcc80000,0x00000000fd880000)
  to   space 12288K, 0% used [0x00000000ff400000,0x00000000ff400000,0x0000000100000000)
 ParOldGen       total 175104K, used 14368K [0x00000000e0000000, 0x00000000eab00000, 0x00000000f5580000)
  object space 175104K, 8% used [0x00000000e0000000,0x00000000e0e080a8,0x00000000eab00000)
 Metaspace       used 40584K, capacity 42250K, committed 42368K, reserved 1085440K
  class space    used 5874K, capacity 6237K, committed 6272K, reserved 1048576K
Event: 7.869 GC heap after
Heap after GC invocations=10 (full 2):
 PSYoungGen      total 161280K, used 10632K [0x00000000f5580000, 0x0000000100000000, 0x0000000100000000)
  eden space 148992K, 0% used [0x00000000f5580000,0x00000000f5580000,0x00000000fe700000)
  from space 12288K, 86% used [0x00000000ff400000,0x00000000ffe62308,0x0000000100000000)
  to   space 12800K, 0% used [0x00000000fe700000,0x00000000fe700000,0x00000000ff380000)
 ParOldGen       total 175104K, used 14376K [0x00000000e0000000, 0x00000000eab00000, 0x00000000f5580000)
  object space 175104K, 8% used [0x00000000e0000000,0x00000000e0e0a0a8,0x00000000eab00000)
 Metaspace       used 40584K, capacity 42250K, committed 42368K, reserved 1085440K
  class space    used 5874K, capacity 6237K, committed 6272K, reserved 1048576K
}
Event: 10.379 GC heap before
{Heap before GC invocations=11 (full 2):
 PSYoungGen      total 161280K, used 159624K [0x00000000f5580000, 0x0000000100000000, 0x0000000100000000)
  eden space 148992K, 100% used [0x00000000f5580000,0x00000000fe700000,0x00000000fe700000)
  from space 12288K, 86% used [0x00000000ff400000,0x00000000ffe62308,0x0000000100000000)
  to   space 12800K, 0% used [0x00000000fe700000,0x00000000fe700000,0x00000000ff380000)
 ParOldGen       total 175104K, used 14376K [0x00000000e0000000, 0x00000000eab00000, 0x00000000f5580000)
  object space 175104K, 8% used [0x00000000e0000000,0x00000000e0e0a0a8,0x00000000eab00000)
 Metaspace       used 47308K, capacity 49458K, committed 49664K, reserved 1091584K
  class space    used 6848K, capacity 7353K, committed 7424K, reserved 1048576K
Event: 10.429 GC heap after
Heap after GC invocations=11 (full 2):
 PSYoungGen      total 161792K, used 12784K [0x00000000f5580000, 0x0000000100000000, 0x0000000100000000)
  eden space 148992K, 0% used [0x00000000f5580000,0x00000000f5580000,0x00000000fe700000)
  from space 12800K, 99% used [0x00000000fe700000,0x00000000ff37c070,0x00000000ff380000)
  to   space 12800K, 0% used [0x00000000ff380000,0x00000000ff380000,0x0000000100000000)
 ParOldGen       total 175104K, used 37852K [0x00000000e0000000, 0x00000000eab00000, 0x00000000f5580000)
  object space 175104K, 21% used [0x00000000e0000000,0x00000000e24f7080,0x00000000eab00000)
 Metaspace       used 47308K, capacity 49458K, committed 49664K, reserved 1091584K
  class space    used 6848K, capacity 7353K, committed 7424K, reserved 1048576K
}

