# JRE version: Java(TM) SE Runtime Environment (8.0_271-b09) (build 1.8.0_271-b09)
# Java VM: Java HotSpot(TM) 64-Bit Server VM (25.271-b09 mixed mode windows-amd64 compressed oops)
Heap:
 PSYoungGen      total 144384K, used 80414K [0x00000000f5580000, 0x0000000100000000, 0x0000000100000000)
  eden space 125440K, 49% used [0x00000000f5580000,0x00000000f918b760,0x00000000fd000000)
  from space 18944K, 99% used [0x00000000fed80000,0x00000000ffffc0a0,0x0000000100000000)
  to   space 24576K, 0% used [0x00000000fd000000,0x00000000fd000000,0x00000000fe800000)
 ParOldGen       total 67072K, used 27546K [0x00000000e0000000, 0x00000000e4180000, 0x00000000f5580000)
  object space 67072K, 41% used [0x00000000e0000000,0x00000000e1ae6bf8,0x00000000e4180000)
 Metaspace       used 33207K, capacity 34779K, committed 34992K, reserved 1079296K
  class space    used 4148K, capacity 4502K, committed 4528K, reserved 1048576K
GC Heap History (10 events):
Event: 3.515 GC heap before
{Heap before GC invocations=5 (full 0):
 PSYoungGen      total 71680K, used 71680K [0x00000000f5580000, 0x00000000fa080000, 0x0000000100000000)
  eden space 66560K, 100% used [0x00000000f5580000,0x00000000f9680000,0x00000000f9680000)
  from space 5120K, 100% used [0x00000000f9b80000,0x00000000fa080000,0x00000000fa080000)
  to   space 5120K, 0% used [0x00000000f9680000,0x00000000f9680000,0x00000000f9b80000)
 ParOldGen       total 87552K, used 20597K [0x00000000e0000000, 0x00000000e5580000, 0x00000000f5580000)
  object space 87552K, 23% used [0x00000000e0000000,0x00000000e141d6d0,0x00000000e5580000)
 Metaspace       used 20310K, capacity 21162K, committed 21296K, reserved 1069056K
  class space    used 2374K, capacity 2579K, committed 2608K, reserved 1048576K
Event: 3.539 GC heap after
Heap after GC invocations=5 (full 0):
 PSYoungGen      total 71680K, used 5120K [0x00000000f5580000, 0x00000000ff480000, 0x0000000100000000)
  eden space 66560K, 0% used [0x00000000f5580000,0x00000000f5580000,0x00000000f9680000)
  from space 5120K, 100% used [0x00000000f9680000,0x00000000f9b80000,0x00000000f9b80000)
  to   space 14848K, 0% used [0x00000000fe600000,0x00000000fe600000,0x00000000ff480000)
 ParOldGen       total 87552K, used 28268K [0x00000000e0000000, 0x00000000e5580000, 0x00000000f5580000)
  object space 87552K, 32% used [0x00000000e0000000,0x00000000e1b9b060,0x00000000e5580000)
 Metaspace       used 20310K, capacity 21162K, committed 21296K, reserved 1069056K
  class space    used 2374K, capacity 2579K, committed 2608K, reserved 1048576K
}
Event: 3.574 GC heap before
{Heap before GC invocations=6 (full 0):
 PSYoungGen      total 71680K, used 6450K [0x00000000f5580000, 0x00000000ff480000, 0x0000000100000000)
  eden space 66560K, 1% used [0x00000000f5580000,0x00000000f56cc878,0x00000000f9680000)
  from space 5120K, 100% used [0x00000000f9680000,0x00000000f9b80000,0x00000000f9b80000)
  to   space 14848K, 0% used [0x00000000fe600000,0x00000000fe600000,0x00000000ff480000)
 ParOldGen       total 87552K, used 28268K [0x00000000e0000000, 0x00000000e5580000, 0x00000000f5580000)
  object space 87552K, 32% used [0x00000000e0000000,0x00000000e1b9b060,0x00000000e5580000)
 Metaspace       used 20379K, capacity 21277K, committed 21296K, reserved 1069056K
  class space    used 2385K, capacity 2589K, committed 2608K, reserved 1048576K
Event: 3.591 GC heap after
Heap after GC invocations=6 (full 0):
 PSYoungGen      total 147456K, used 5152K [0x00000000f5580000, 0x00000000ff580000, 0x0000000100000000)
  eden space 132608K, 0% used [0x00000000f5580000,0x00000000f5580000,0x00000000fd700000)
  from space 14848K, 34% used [0x00000000fe600000,0x00000000feb08020,0x00000000ff480000)
  to   space 15360K, 0% used [0x00000000fd700000,0x00000000fd700000,0x00000000fe600000)
 ParOldGen       total 87552K, used 28268K [0x00000000e0000000, 0x00000000e5580000, 0x00000000f5580000)
  object space 87552K, 32% used [0x00000000e0000000,0x00000000e1b9b060,0x00000000e5580000)
 Metaspace       used 20379K, capacity 21277K, committed 21296K, reserved 1069056K
  class space    used 2385K, capacity 2589K, committed 2608K, reserved 1048576K
}
Event: 3.591 GC heap before
{Heap before GC invocations=7 (full 1):
 PSYoungGen      total 147456K, used 5152K [0x00000000f5580000, 0x00000000ff580000, 0x0000000100000000)
  eden space 132608K, 0% used [0x00000000f5580000,0x00000000f5580000,0x00000000fd700000)
  from space 14848K, 34% used [0x00000000fe600000,0x00000000feb08020,0x00000000ff480000)
  to   space 15360K, 0% used [0x00000000fd700000,0x00000000fd700000,0x00000000fe600000)
 ParOldGen       total 87552K, used 28268K [0x00000000e0000000, 0x00000000e5580000, 0x00000000f5580000)
  object space 87552K, 32% used [0x00000000e0000000,0x00000000e1b9b060,0x00000000e5580000)
 Metaspace       used 20379K, capacity 21277K, committed 21296K, reserved 1069056K
  class space    used 2385K, capacity 2589K, committed 2608K, reserved 1048576K
Event: 3.683 GC heap after
Heap after GC invocations=7 (full 1):
 PSYoungGen      total 147456K, used 0K [0x00000000f5580000, 0x00000000ff580000, 0x0000000100000000)
  eden space 132608K, 0% used [0x00000000f5580000,0x00000000f5580000,0x00000000fd700000)
  from space 14848K, 0% used [0x00000000fe600000,0x00000000fe600000,0x00000000ff480000)
  to   space 15360K, 0% used [0x00000000fd700000,0x00000000fd700000,0x00000000fe600000)
 ParOldGen       total 67072K, used 17888K [0x00000000e0000000, 0x00000000e4180000, 0x00000000f5580000)
  object space 67072K, 26% used [0x00000000e0000000,0x00000000e1178210,0x00000000e4180000)
 Metaspace       used 20379K, capacity 21277K, committed 21296K, reserved 1069056K
  class space    used 2385K, capacity 2589K, committed 2608K, reserved 1048576K
}
Event: 5.639 GC heap before
{Heap before GC invocations=8 (full 1):
 PSYoungGen      total 147456K, used 132608K [0x00000000f5580000, 0x00000000ff580000, 0x0000000100000000)
  eden space 132608K, 100% used [0x00000000f5580000,0x00000000fd700000,0x00000000fd700000)
  from space 14848K, 0% used [0x00000000fe600000,0x00000000fe600000,0x00000000ff480000)
  to   space 15360K, 0% used [0x00000000fd700000,0x00000000fd700000,0x00000000fe600000)
 ParOldGen       total 67072K, used 17888K [0x00000000e0000000, 0x00000000e4180000, 0x00000000f5580000)
  object space 67072K, 26% used [0x00000000e0000000,0x00000000e1178210,0x00000000e4180000)
 Metaspace       used 25900K, capacity 26981K, committed 27184K, reserved 1073152K
  class space    used 3084K, capacity 3325K, committed 3376K, reserved 1048576K
Event: 5.668 GC heap after
Heap after GC invocations=8 (full 1):
 PSYoungGen      total 147968K, used 15330K [0x00000000f5580000, 0x0000000100000000, 0x0000000100000000)
  eden space 132608K, 0% used [0x00000000f5580000,0x00000000f5580000,0x00000000fd700000)
  from space 15360K, 99% used [0x00000000fd700000,0x00000000fe5f8aa8,0x00000000fe600000)
  to   space 18944K, 0% used [0x00000000fed80000,0x00000000fed80000,0x0000000100000000)
 ParOldGen       total 67072K, used 20219K [0x00000000e0000000, 0x00000000e4180000, 0x00000000f5580000)
  object space 67072K, 30% used [0x00000000e0000000,0x00000000e13bed30,0x00000000e4180000)
 Metaspace       used 25900K, capacity 26981K, committed 27184K, reserved 1073152K
  class space    used 3084K, capacity 3325K, committed 3376K, reserved 1048576K
}
Event: 7.956 GC heap before
{Heap before GC invocations=9 (full 1):
 PSYoungGen      total 147968K, used 147938K [0x00000000f5580000, 0x0000000100000000, 0x0000000100000000)
  eden space 132608K, 100% used [0x00000000f5580000,0x00000000fd700000,0x00000000fd700000)
  from space 15360K, 99% used [0x00000000fd700000,0x00000000fe5f8aa8,0x00000000fe600000)
  to   space 18944K, 0% used [0x00000000fed80000,0x00000000fed80000,0x0000000100000000)
 ParOldGen       total 67072K, used 20219K [0x00000000e0000000, 0x00000000e4180000, 0x00000000f5580000)
  object space 67072K, 30% used [0x00000000e0000000,0x00000000e13bed30,0x00000000e4180000)
 Metaspace       used 31717K, capacity 33183K, committed 33456K, reserved 1079296K
  class space    used 3901K, capacity 4208K, committed 4272K, reserved 1048576K
Event: 7.981 GC heap after
Heap after GC invocations=9 (full 1):
 PSYoungGen      total 144384K, used 18928K [0x00000000f5580000, 0x0000000100000000, 0x0000000100000000)
  eden space 125440K, 0% used [0x00000000f5580000,0x00000000f5580000,0x00000000fd000000)
  from space 18944K, 99% used [0x00000000fed80000,0x00000000ffffc0a0,0x0000000100000000)
  to   space 24576K, 0% used [0x00000000fd000000,0x00000000fd000000,0x00000000fe800000)
 ParOldGen       total 67072K, used 27546K [0x00000000e0000000, 0x00000000e4180000, 0x00000000f5580000)
  object space 67072K, 41% used [0x00000000e0000000,0x00000000e1ae6bf8,0x00000000e4180000)
 Metaspace       used 31717K, capacity 33183K, committed 33456K, reserved 1079296K
  class space    used 3901K, capacity 4208K, committed 4272K, reserved 1048576K
}

